<?xml version="1.0" encoding="UTF-8"?>
<!-- Generated by org.testng.reporters.JUnitReportReporter -->
<testsuite hostname="Dbox-D_17090" failures="0" tests="1" name="darwinbox.Create_BU" time="42.540" errors="0" timestamp="2020-10-16T21:19:44 IST" skipped="0">
  <testcase classname="darwinbox.Create_BU" name="create_BusinessUnit" time="42.540"/>
  <system-out/>
</testsuite> <!-- darwinbox.Create_BU -->
