<?xml version="1.0" encoding="UTF-8"?>
<!-- Generated by org.testng.reporters.JUnitReportReporter -->
<testsuite hostname="Dbox-D_17090" failures="0" tests="1" name="darwinbox.Login" time="18.663" errors="0" timestamp="2020-10-17T20:55:28 IST" skipped="0">
  <testcase classname="darwinbox.Login" name="login" time="18.663"/>
  <system-out/>
</testsuite> <!-- darwinbox.Login -->
